2019-03-13 11:53:13,692 [NonParallelWorker] INFO NUnitAutomationFramework.TestsSetupClass - ALLURE_CONFIG_ENV_VARIABLE Environment Variable Set to: C:\Ben\NUnitAutomationFramework\NUnitAutomationFramework\bin\Debug\
2019-03-13 11:53:13,955 [NonParallelWorker] INFO NUnitAutomationFramework.TestsSetupClass - {
  "allure": {
    "directory": "allure-results",
    "links": [
      "{link}",
      "https://testrail.com/browse/{tms}",
      "https://jira.com/browse/{issue}"
    ]
  },
  "specflow": {
    "stepArguments": {
      "convertToParameters": "true",
      "paramNameRegex": "",
      "paramValueRegex": ""
    },
    "grouping": {
      "suites": {
        "parentSuite": "^parentSuite:?(.+)",
        "suite": "^suite:?(.+)",
        "subSuite": "^subSuite:?(.+)"
      },
      "behaviors": {
        "epic": "^epic:?(.+)",
        "story": "^story:(.+)"
      }
    },
    "labels": {
      "owner": "^author:?(.+)",
      "severity": "^(normal|blocker|critical|minor|trivial)"
    },
    "links": {
      "tms": "^story:(.+)",
      "issue": "^issue:(.+)",
      "link": "^link:(.+)"
    }
  }
}
2019-03-13 11:53:13,958 [NonParallelWorker] INFO NUnitAutomationFramework.Framework.IO.FileAndFolder - Base Director: C:\Ben\NUnitAutomationFramework\NUnitAutomationFramework\bin\Debug\
2019-03-13 11:53:13,958 [NonParallelWorker] INFO NUnitAutomationFramework.Framework.Configuration.ConfigurationReader - NUnitAutomationFramework.Framework.Configuration.ConfigurationReader Dir= C:\Ben\NUnitAutomationFramework\NUnitAutomationFramework\bin\Debug\
2019-03-13 11:53:13,974 [NonParallelWorker] INFO NUnitAutomationFramework.Framework.Configuration.ConfigurationReader - Resources folder full path selected: C:\Ben\NUnitAutomationFramework\NUnitAutomationFramework\bin\Debug\Resources\Resources
2019-03-13 11:53:14,084 [NonParallelWorker] INFO NUnitAutomationFramework.Framework.Configuration.ConfigurationReader - Log folder full path selected: C:\Ben\NUnitAutomationFramework\NUnitAutomationFramework\bin\Debug\Reports\Logs
2019-03-13 11:53:14,088 [NonParallelWorker] INFO NUnitAutomationFramework.Framework.Configuration.ConfigurationReader - Reports folder full path selected: C:\Ben\NUnitAutomationFramework\NUnitAutomationFramework\bin\Debug\Reports\Reports
2019-03-13 11:53:14,125 [ParallelWorker#1] INFO NUnitAutomationFramework.Framework.IO.FileAndFolder - Base Director: C:\Ben\NUnitAutomationFramework\NUnitAutomationFramework\bin\Debug\
2019-03-13 11:53:14,126 [ParallelWorker#1] INFO NUnitAutomationFramework.Framework.Configuration.ConfigurationReader - NUnitAutomationFramework.Framework.Configuration.ConfigurationReader Dir= C:\Ben\NUnitAutomationFramework\NUnitAutomationFramework\bin\Debug\
2019-03-13 11:53:14,126 [ParallelWorker#1] INFO NUnitAutomationFramework.Framework.IO.FileAndFolder - Base Director: C:\Ben\NUnitAutomationFramework\NUnitAutomationFramework\bin\Debug\
2019-03-13 11:53:14,127 [ParallelWorker#1] INFO NUnitAutomationFramework.Framework.IO.FileAndFolder - Base Director: C:\Ben\NUnitAutomationFramework\NUnitAutomationFramework\bin\Debug\
2019-03-13 11:53:14,129 [ParallelWorker#1] INFO NUnitAutomationFramework.Framework.IO.FileAndFolder - Source File: C:\Ben\NUnitAutomationFramework\NUnitAutomationFramework\DevTests\Resources\DevLocators.xlsx
2019-03-13 11:53:14,129 [ParallelWorker#1] INFO NUnitAutomationFramework.Framework.IO.FileAndFolder - Destination File: C:\Ben\NUnitAutomationFramework\NUnitAutomationFramework\bin\Debug\Resources\Resources\HomePageLocator\DevLocators.xlsx
2019-03-13 11:53:14,131 [ParallelWorker#1] INFO NUnitAutomationFramework.Framework.IO.FileAndFolder - File copied from source to destination
2019-03-13 11:53:14,140 [ParallelWorker#1] INFO NUnitAutomationFramework.Framework.Spreadsheet.SpreadsheetUtility - Trying to load all abjedts from the file
2019-03-13 11:53:14,517 [ParallelWorker#1] INFO NUnitAutomationFramework.Framework.Spreadsheet.SpreadsheetUtility - Current Sheet: Locators
2019-03-13 11:53:14,572 [ParallelWorker#1] INFO NUnitAutomationFramework.Framework.IO.FileAndFolder - Base Director: C:\Ben\NUnitAutomationFramework\NUnitAutomationFramework\bin\Debug\
2019-03-13 11:53:14,572 [ParallelWorker#1] INFO NUnitAutomationFramework.Framework.Configuration.ConfigurationReader - NUnitAutomationFramework.Framework.Configuration.ConfigurationReader Dir= C:\Ben\NUnitAutomationFramework\NUnitAutomationFramework\bin\Debug\
2019-03-13 11:53:14,572 [ParallelWorker#1] INFO NUnitAutomationFramework.Framework.IO.FileAndFolder - Base Director: C:\Ben\NUnitAutomationFramework\NUnitAutomationFramework\bin\Debug\
2019-03-13 11:53:14,574 [ParallelWorker#1] INFO NUnitAutomationFramework.Framework.IO.FileAndFolder - Base Director: C:\Ben\NUnitAutomationFramework\NUnitAutomationFramework\bin\Debug\
2019-03-13 11:53:14,574 [ParallelWorker#1] INFO NUnitAutomationFramework.Framework.IO.FileAndFolder - Source File: C:\Ben\NUnitAutomationFramework\NUnitAutomationFramework\DevTests\Resources\DevLocators.xlsx
2019-03-13 11:53:14,574 [ParallelWorker#1] INFO NUnitAutomationFramework.Framework.IO.FileAndFolder - Destination File: C:\Ben\NUnitAutomationFramework\NUnitAutomationFramework\bin\Debug\Resources\Resources\HomePageLocator\DevLocators.xlsx
2019-03-13 11:53:14,576 [ParallelWorker#1] INFO NUnitAutomationFramework.Framework.IO.FileAndFolder - File copied from source to destination
2019-03-13 11:53:14,577 [ParallelWorker#1] INFO NUnitAutomationFramework.Framework.Spreadsheet.SpreadsheetUtility - Trying to load all abjedts from the file
2019-03-13 11:53:14,580 [ParallelWorker#1] INFO NUnitAutomationFramework.Framework.Spreadsheet.SpreadsheetUtility - Current Sheet: Locators
2019-03-13 11:53:14,586 [ParallelWorker#1] INFO NUnitAutomationFramework.Framework.Spreadsheet.SpreadsheetUtility - Geting the data in the row 2
2019-03-13 11:53:14,587 [ParallelWorker#1] INFO NUnitAutomationFramework.Framework.Spreadsheet.SpreadsheetUtility - Row Added to the collection: submit
2019-03-13 11:53:14,587 [ParallelWorker#1] INFO NUnitAutomationFramework.Framework.Spreadsheet.SpreadsheetUtility - Row Added to the collection: Name
2019-03-13 11:53:14,587 [ParallelWorker#1] INFO NUnitAutomationFramework.Framework.Spreadsheet.SpreadsheetUtility - Row Added to the collection: submit
2019-03-13 11:53:14,638 [ParallelWorker#4] INFO NUnitAutomationFramework.Framework.ReflectionHandler.ObjectManipulator - Adding The property of CustomerName with value of BehrangBina to expando object of System.Dynamic.ExpandoObject
2019-03-13 11:53:14,638 [ParallelWorker#4] INFO NUnitAutomationFramework.Framework.ReflectionHandler.ObjectManipulator - Adding The property of CustomerEmail with value of BehrangBina@Hotmail.com to expando object of System.Dynamic.ExpandoObject
2019-03-13 11:53:14,648 [ParallelWorker#4] INFO NUnitAutomationFramework.Framework.ReflectionHandler.ObjectManipulator - Adding The property of CustomerAge with value of 39 to expando object of System.Dynamic.ExpandoObject
2019-03-13 11:53:14,658 [ParallelWorker#4] INFO NUnitAutomationFramework.Framework.ReflectionHandler.ObjectManipulator - Trying to get property Name[1] from object System.Dynamic.ExpandoObject=> CustomerName
2019-03-13 11:53:14,658 [ParallelWorker#4] INFO NUnitAutomationFramework.Framework.ReflectionHandler.ObjectManipulator - Trying to get property Value[1] from object System.Dynamic.ExpandoObject=> BehrangBina
2019-03-13 11:53:14,678 [ParallelWorker#4] INFO NUnitAutomationFramework.Framework.ReflectionHandler.ObjectManipulator - Trying to get property Name[2] from object System.Dynamic.ExpandoObject=> CustomerEmail
2019-03-13 11:53:14,678 [ParallelWorker#4] INFO NUnitAutomationFramework.Framework.ReflectionHandler.ObjectManipulator - Trying to get property Value[2] from object System.Dynamic.ExpandoObject=> BehrangBina@Hotmail.com
2019-03-13 11:53:14,678 [ParallelWorker#4] INFO NUnitAutomationFramework.Framework.ReflectionHandler.ObjectManipulator - Trying to get property Name[3] from object System.Dynamic.ExpandoObject=> CustomerAge
2019-03-13 11:53:14,688 [ParallelWorker#4] INFO NUnitAutomationFramework.Framework.ReflectionHandler.ObjectManipulator - Trying to get property Value[3] from object System.Dynamic.ExpandoObject=> 39
2019-03-13 11:53:14,698 [NonParallelWorker] INFO NUnitAutomationFramework.Framework.IO.FileAndFolder - Base Director: C:\Ben\NUnitAutomationFramework\NUnitAutomationFramework\bin\Debug\
2019-03-13 11:53:14,698 [NonParallelWorker] INFO NUnitAutomationFramework.Framework.IO.FileAndFolder - Source File: C:\Ben\NUnitAutomationFramework\NUnitAutomationFramework\bin\Debug\Test.txt
2019-03-13 11:53:14,698 [NonParallelWorker] INFO NUnitAutomationFramework.Framework.IO.FileAndFolder - Destination File: C:\Ben\NUnitAutomationFramework\NUnitAutomationFramework\bin\Debug\Reports\Test.txt
2019-03-13 11:53:14,698 [NonParallelWorker] INFO NUnitAutomationFramework.Framework.IO.FileAndFolder - File copied from source to destination
2019-03-13 11:53:14,698 [NonParallelWorker] INFO NUnitAutomationFramework.Framework.IO.FileAndFolder - Base Director: C:\Ben\NUnitAutomationFramework\NUnitAutomationFramework\bin\Debug\
2019-03-13 11:53:14,708 [NonParallelWorker] INFO NUnitAutomationFramework.Framework.IO.FileAndFolder - Base Director: C:\Ben\NUnitAutomationFramework\NUnitAutomationFramework\bin\Debug\
2019-03-13 11:53:14,708 [NonParallelWorker] INFO NUnitAutomationFramework.Framework.IO.FileAndFolder - Source File: C:\Ben\NUnitAutomationFramework\NUnitAutomationFramework\DevTests\Resources\DevLocators.xlsx
2019-03-13 11:53:14,708 [NonParallelWorker] INFO NUnitAutomationFramework.Framework.IO.FileAndFolder - Destination File: C:\Ben\NUnitAutomationFramework\NUnitAutomationFramework\bin\Debug\Resources\Resources\PageObject\DevLocators.xlsx
2019-03-13 11:53:14,708 [NonParallelWorker] INFO NUnitAutomationFramework.Framework.IO.FileAndFolder - File copied from source to destination
2019-03-13 11:53:14,708 [NonParallelWorker] INFO NUnitAutomationFramework.Framework.IO.FileAndFolder - Base Director: C:\Ben\NUnitAutomationFramework\NUnitAutomationFramework\bin\Debug\
2019-03-13 11:53:14,708 [NonParallelWorker] INFO NUnitAutomationFramework.Framework.PageElement - Execution directory is: C:\Ben\NUnitAutomationFramework\NUnitAutomationFramework\bin\Debug\
2019-03-13 11:53:14,708 [NonParallelWorker] INFO NUnitAutomationFramework.Framework.PageElement - New Path: C:\Ben\NUnitAutomationFramework\NUnitAutomationFramework\bin\Debug\Resources
2019-03-13 11:53:14,708 [NonParallelWorker] INFO NUnitAutomationFramework.Framework.PageElement - New Path: C:\Ben\NUnitAutomationFramework\NUnitAutomationFramework\bin\Debug\Resources\Resources
2019-03-13 11:53:14,708 [NonParallelWorker] INFO NUnitAutomationFramework.Framework.PageElement - New Path: C:\Ben\NUnitAutomationFramework\NUnitAutomationFramework\bin\Debug\Resources\Resources\PageObject
2019-03-13 11:53:14,708 [NonParallelWorker] INFO NUnitAutomationFramework.Framework.IO.FileAndFolder - Base Director: C:\Ben\NUnitAutomationFramework\NUnitAutomationFramework\bin\Debug\
2019-03-13 11:53:14,708 [NonParallelWorker] INFO NUnitAutomationFramework.Framework.Configuration.ConfigurationReader - NUnitAutomationFramework.Framework.Configuration.ConfigurationReader Dir= C:\Ben\NUnitAutomationFramework\NUnitAutomationFramework\bin\Debug\
2019-03-13 11:53:14,708 [NonParallelWorker] INFO NUnitAutomationFramework.Framework.Spreadsheet.SpreadsheetUtility - Trying to load all abjedts from the file
2019-03-13 11:53:14,719 [NonParallelWorker] INFO NUnitAutomationFramework.Framework.Spreadsheet.SpreadsheetUtility - Current Sheet: Locators
2019-03-13 11:53:14,739 [NonParallelWorker] INFO NUnitAutomationFramework.Framework.PageElement - Name:firstName | By:Id | Query:Query  Added To the Collection
2019-03-13 11:53:14,739 [NonParallelWorker] INFO NUnitAutomationFramework.Framework.PageElement - Name:submit | By:Name | Query:Query  Added To the Collection
2019-03-13 11:53:14,739 [NonParallelWorker] INFO NUnitAutomationFramework.Framework.PageElement - Name:email | By:xpath | Query:Query  Added To the Collection
2019-03-13 11:53:14,739 [NonParallelWorker] INFO NUnitAutomationFramework.Framework.IO.FileAndFolder - Base Director: C:\Ben\NUnitAutomationFramework\NUnitAutomationFramework\bin\Debug\
2019-03-13 11:53:14,739 [NonParallelWorker] INFO NUnitAutomationFramework.Framework.IO.FileAndFolder - Base Director: C:\Ben\NUnitAutomationFramework\NUnitAutomationFramework\bin\Debug\
2019-03-13 11:53:14,739 [NonParallelWorker] INFO NUnitAutomationFramework.Framework.Configuration.ConfigurationReader - NUnitAutomationFramework.Framework.Configuration.ConfigurationReader Dir= C:\Ben\NUnitAutomationFramework\NUnitAutomationFramework\bin\Debug\
2019-03-13 11:53:14,739 [NonParallelWorker] INFO NUnitAutomationFramework.Framework.Configuration.ConfigurationReader - Reports folder full path selected: C:\Ben\NUnitAutomationFramework\NUnitAutomationFramework\bin\Debug\Reports\Reports
2019-03-13 11:53:14,739 [NonParallelWorker] INFO NUnitAutomationFramework.Framework.IO.FileAndFolder - Source File: C:\Ben\NUnitAutomationFramework\NUnitAutomationFramework\Reports\TestResult.xml
2019-03-13 11:53:14,739 [NonParallelWorker] INFO NUnitAutomationFramework.Framework.IO.FileAndFolder - Destination File: C:\Ben\NUnitAutomationFramework\NUnitAutomationFramework\bin\Debug\Reports\Reports\TestResult.xml
2019-03-13 11:53:14,749 [NonParallelWorker] INFO NUnitAutomationFramework.Framework.IO.FileAndFolder - File copied from source to destination
2019-03-13 13:05:52,775 [NonParallelWorker] INFO NUnitAutomationFramework.TestsSetupClass - ALLURE_CONFIG_ENV_VARIABLE Environment Variable Set to: C:\Ben\NUnitAutomationFramework\NUnitAutomationFramework\bin\Debug\
2019-03-13 13:05:53,178 [NonParallelWorker] INFO NUnitAutomationFramework.TestsSetupClass - {
  "allure": {
    "directory": "allure-results",
    "links": [
      "{link}",
      "https://testrail.com/browse/{tms}",
      "https://jira.com/browse/{issue}"
    ]
  },
  "specflow": {
    "stepArguments": {
      "convertToParameters": "true",
      "paramNameRegex": "",
      "paramValueRegex": ""
    },
    "grouping": {
      "suites": {
        "parentSuite": "^parentSuite:?(.+)",
        "suite": "^suite:?(.+)",
        "subSuite": "^subSuite:?(.+)"
      },
      "behaviors": {
        "epic": "^epic:?(.+)",
        "story": "^story:(.+)"
      }
    },
    "labels": {
      "owner": "^author:?(.+)",
      "severity": "^(normal|blocker|critical|minor|trivial)"
    },
    "links": {
      "tms": "^story:(.+)",
      "issue": "^issue:(.+)",
      "link": "^link:(.+)"
    }
  }
}
2019-03-13 13:05:53,178 [NonParallelWorker] INFO NUnitAutomationFramework.Framework.IO.FileAndFolder - Base Director: C:\Ben\NUnitAutomationFramework\NUnitAutomationFramework\bin\Debug\
2019-03-13 13:05:53,178 [NonParallelWorker] INFO NUnitAutomationFramework.Framework.Configuration.ConfigurationReader - NUnitAutomationFramework.Framework.Configuration.ConfigurationReader Dir= C:\Ben\NUnitAutomationFramework\NUnitAutomationFramework\bin\Debug\
2019-03-13 13:05:53,198 [NonParallelWorker] INFO NUnitAutomationFramework.Framework.Configuration.ConfigurationReader - Resources folder full path selected: C:\Ben\NUnitAutomationFramework\NUnitAutomationFramework\bin\Debug\Resources\Resources
2019-03-13 13:05:53,378 [NonParallelWorker] INFO NUnitAutomationFramework.Framework.Configuration.ConfigurationReader - Log folder full path selected: C:\Ben\NUnitAutomationFramework\NUnitAutomationFramework\bin\Debug\Reports\Logs
2019-03-13 13:05:53,388 [NonParallelWorker] INFO NUnitAutomationFramework.Framework.Configuration.ConfigurationReader - Reports folder full path selected: C:\Ben\NUnitAutomationFramework\NUnitAutomationFramework\bin\Debug\Reports\Reports
2019-03-13 13:05:53,468 [ParallelWorker#3] INFO NUnitAutomationFramework.Framework.IO.FileAndFolder - Base Director: C:\Ben\NUnitAutomationFramework\NUnitAutomationFramework\bin\Debug\
2019-03-13 13:05:53,468 [ParallelWorker#3] INFO NUnitAutomationFramework.Framework.Configuration.ConfigurationReader - NUnitAutomationFramework.Framework.Configuration.ConfigurationReader Dir= C:\Ben\NUnitAutomationFramework\NUnitAutomationFramework\bin\Debug\
2019-03-13 13:05:53,478 [ParallelWorker#3] INFO NUnitAutomationFramework.Framework.IO.FileAndFolder - Base Director: C:\Ben\NUnitAutomationFramework\NUnitAutomationFramework\bin\Debug\
2019-03-13 13:05:53,478 [ParallelWorker#3] INFO NUnitAutomationFramework.Framework.IO.FileAndFolder - Base Director: C:\Ben\NUnitAutomationFramework\NUnitAutomationFramework\bin\Debug\
2019-03-13 13:05:53,478 [ParallelWorker#3] INFO NUnitAutomationFramework.Framework.IO.FileAndFolder - Source File: C:\Ben\NUnitAutomationFramework\NUnitAutomationFramework\DevTests\Resources\DevLocators.xlsx
2019-03-13 13:05:53,478 [ParallelWorker#3] INFO NUnitAutomationFramework.Framework.IO.FileAndFolder - Destination File: C:\Ben\NUnitAutomationFramework\NUnitAutomationFramework\bin\Debug\Resources\Resources\HomePageLocator\DevLocators.xlsx
2019-03-13 13:05:53,498 [ParallelWorker#3] INFO NUnitAutomationFramework.Framework.IO.FileAndFolder - File copied from source to destination
2019-03-13 13:05:53,518 [ParallelWorker#3] INFO NUnitAutomationFramework.Framework.Spreadsheet.SpreadsheetUtility - Trying to load all abjedts from the file
2019-03-13 13:05:54,131 [ParallelWorker#3] INFO NUnitAutomationFramework.Framework.Spreadsheet.SpreadsheetUtility - Current Sheet: Locators
2019-03-13 13:05:54,191 [ParallelWorker#3] INFO NUnitAutomationFramework.Framework.IO.FileAndFolder - Base Director: C:\Ben\NUnitAutomationFramework\NUnitAutomationFramework\bin\Debug\
2019-03-13 13:05:54,191 [ParallelWorker#3] INFO NUnitAutomationFramework.Framework.Configuration.ConfigurationReader - NUnitAutomationFramework.Framework.Configuration.ConfigurationReader Dir= C:\Ben\NUnitAutomationFramework\NUnitAutomationFramework\bin\Debug\
2019-03-13 13:05:54,191 [ParallelWorker#3] INFO NUnitAutomationFramework.Framework.IO.FileAndFolder - Base Director: C:\Ben\NUnitAutomationFramework\NUnitAutomationFramework\bin\Debug\
2019-03-13 13:05:54,191 [ParallelWorker#3] INFO NUnitAutomationFramework.Framework.IO.FileAndFolder - Base Director: C:\Ben\NUnitAutomationFramework\NUnitAutomationFramework\bin\Debug\
2019-03-13 13:05:54,191 [ParallelWorker#3] INFO NUnitAutomationFramework.Framework.IO.FileAndFolder - Source File: C:\Ben\NUnitAutomationFramework\NUnitAutomationFramework\DevTests\Resources\DevLocators.xlsx
2019-03-13 13:05:54,191 [ParallelWorker#3] INFO NUnitAutomationFramework.Framework.IO.FileAndFolder - Destination File: C:\Ben\NUnitAutomationFramework\NUnitAutomationFramework\bin\Debug\Resources\Resources\HomePageLocator\DevLocators.xlsx
2019-03-13 13:05:54,201 [ParallelWorker#3] INFO NUnitAutomationFramework.Framework.IO.FileAndFolder - File copied from source to destination
2019-03-13 13:05:54,201 [ParallelWorker#3] INFO NUnitAutomationFramework.Framework.Spreadsheet.SpreadsheetUtility - Trying to load all abjedts from the file
2019-03-13 13:05:54,211 [ParallelWorker#3] INFO NUnitAutomationFramework.Framework.Spreadsheet.SpreadsheetUtility - Current Sheet: Locators
2019-03-13 13:05:54,221 [ParallelWorker#3] INFO NUnitAutomationFramework.Framework.Spreadsheet.SpreadsheetUtility - Geting the data in the row 2
2019-03-13 13:05:54,221 [ParallelWorker#3] INFO NUnitAutomationFramework.Framework.Spreadsheet.SpreadsheetUtility - Row Added to the collection: submit
2019-03-13 13:05:54,221 [ParallelWorker#3] INFO NUnitAutomationFramework.Framework.Spreadsheet.SpreadsheetUtility - Row Added to the collection: Name
2019-03-13 13:05:54,221 [ParallelWorker#3] INFO NUnitAutomationFramework.Framework.Spreadsheet.SpreadsheetUtility - Row Added to the collection: submit
2019-03-13 13:05:54,261 [ParallelWorker#1] INFO NUnitAutomationFramework.Framework.ReflectionHandler.ObjectManipulator - Adding The property of CustomerName with value of BehrangBina to expando object of System.Dynamic.ExpandoObject
2019-03-13 13:05:54,271 [ParallelWorker#1] INFO NUnitAutomationFramework.Framework.ReflectionHandler.ObjectManipulator - Adding The property of CustomerEmail with value of BehrangBina@Hotmail.com to expando object of System.Dynamic.ExpandoObject
2019-03-13 13:05:54,271 [ParallelWorker#1] INFO NUnitAutomationFramework.Framework.ReflectionHandler.ObjectManipulator - Adding The property of CustomerAge with value of 39 to expando object of System.Dynamic.ExpandoObject
2019-03-13 13:05:54,281 [ParallelWorker#1] INFO NUnitAutomationFramework.Framework.ReflectionHandler.ObjectManipulator - Trying to get property Name[1] from object System.Dynamic.ExpandoObject=> CustomerName
2019-03-13 13:05:54,291 [ParallelWorker#1] INFO NUnitAutomationFramework.Framework.ReflectionHandler.ObjectManipulator - Trying to get property Value[1] from object System.Dynamic.ExpandoObject=> BehrangBina
2019-03-13 13:05:54,331 [ParallelWorker#1] INFO NUnitAutomationFramework.Framework.ReflectionHandler.ObjectManipulator - Trying to get property Name[2] from object System.Dynamic.ExpandoObject=> CustomerEmail
2019-03-13 13:05:54,331 [ParallelWorker#1] INFO NUnitAutomationFramework.Framework.ReflectionHandler.ObjectManipulator - Trying to get property Value[2] from object System.Dynamic.ExpandoObject=> BehrangBina@Hotmail.com
2019-03-13 13:05:54,331 [ParallelWorker#1] INFO NUnitAutomationFramework.Framework.ReflectionHandler.ObjectManipulator - Trying to get property Name[3] from object System.Dynamic.ExpandoObject=> CustomerAge
2019-03-13 13:05:54,331 [ParallelWorker#1] INFO NUnitAutomationFramework.Framework.ReflectionHandler.ObjectManipulator - Trying to get property Value[3] from object System.Dynamic.ExpandoObject=> 39
2019-03-13 13:05:54,371 [NonParallelWorker] INFO NUnitAutomationFramework.Framework.IO.FileAndFolder - Base Director: C:\Ben\NUnitAutomationFramework\NUnitAutomationFramework\bin\Debug\
2019-03-13 13:05:54,391 [NonParallelWorker] INFO NUnitAutomationFramework.Framework.IO.FileAndFolder - Source File: C:\Ben\NUnitAutomationFramework\NUnitAutomationFramework\bin\Debug\Test.txt
2019-03-13 13:05:54,391 [NonParallelWorker] INFO NUnitAutomationFramework.Framework.IO.FileAndFolder - Destination File: C:\Ben\NUnitAutomationFramework\NUnitAutomationFramework\bin\Debug\Reports\Test.txt
2019-03-13 13:05:54,401 [NonParallelWorker] INFO NUnitAutomationFramework.Framework.IO.FileAndFolder - File copied from source to destination
2019-03-13 13:05:54,441 [NonParallelWorker] INFO NUnitAutomationFramework.Framework.IO.FileAndFolder - Base Director: C:\Ben\NUnitAutomationFramework\NUnitAutomationFramework\bin\Debug\
2019-03-13 13:05:54,441 [NonParallelWorker] INFO NUnitAutomationFramework.Framework.IO.FileAndFolder - Base Director: C:\Ben\NUnitAutomationFramework\NUnitAutomationFramework\bin\Debug\
2019-03-13 13:05:54,441 [NonParallelWorker] INFO NUnitAutomationFramework.Framework.IO.FileAndFolder - Source File: C:\Ben\NUnitAutomationFramework\NUnitAutomationFramework\DevTests\Resources\DevLocators.xlsx
2019-03-13 13:05:54,441 [NonParallelWorker] INFO NUnitAutomationFramework.Framework.IO.FileAndFolder - Destination File: C:\Ben\NUnitAutomationFramework\NUnitAutomationFramework\bin\Debug\Resources\Resources\PageObject\DevLocators.xlsx
2019-03-13 13:05:54,451 [NonParallelWorker] INFO NUnitAutomationFramework.Framework.IO.FileAndFolder - File copied from source to destination
2019-03-13 13:05:54,451 [NonParallelWorker] INFO NUnitAutomationFramework.Framework.IO.FileAndFolder - Base Director: C:\Ben\NUnitAutomationFramework\NUnitAutomationFramework\bin\Debug\
2019-03-13 13:05:54,451 [NonParallelWorker] INFO NUnitAutomationFramework.Framework.PageElement - Execution directory is: C:\Ben\NUnitAutomationFramework\NUnitAutomationFramework\bin\Debug\
2019-03-13 13:05:54,451 [NonParallelWorker] INFO NUnitAutomationFramework.Framework.PageElement - New Path: C:\Ben\NUnitAutomationFramework\NUnitAutomationFramework\bin\Debug\Resources
2019-03-13 13:05:54,451 [NonParallelWorker] INFO NUnitAutomationFramework.Framework.PageElement - New Path: C:\Ben\NUnitAutomationFramework\NUnitAutomationFramework\bin\Debug\Resources\Resources
2019-03-13 13:05:54,451 [NonParallelWorker] INFO NUnitAutomationFramework.Framework.PageElement - New Path: C:\Ben\NUnitAutomationFramework\NUnitAutomationFramework\bin\Debug\Resources\Resources\PageObject
2019-03-13 13:05:54,451 [NonParallelWorker] INFO NUnitAutomationFramework.Framework.IO.FileAndFolder - Base Director: C:\Ben\NUnitAutomationFramework\NUnitAutomationFramework\bin\Debug\
2019-03-13 13:05:54,451 [NonParallelWorker] INFO NUnitAutomationFramework.Framework.Configuration.ConfigurationReader - NUnitAutomationFramework.Framework.Configuration.ConfigurationReader Dir= C:\Ben\NUnitAutomationFramework\NUnitAutomationFramework\bin\Debug\
2019-03-13 13:05:54,451 [NonParallelWorker] INFO NUnitAutomationFramework.Framework.Spreadsheet.SpreadsheetUtility - Trying to load all abjedts from the file
2019-03-13 13:05:54,471 [NonParallelWorker] INFO NUnitAutomationFramework.Framework.Spreadsheet.SpreadsheetUtility - Current Sheet: Locators
2019-03-13 13:05:54,471 [NonParallelWorker] INFO NUnitAutomationFramework.Framework.PageElement - Name:firstName | By:Id | Query:Query  Added To the Collection
2019-03-13 13:05:54,471 [NonParallelWorker] INFO NUnitAutomationFramework.Framework.PageElement - Name:submit | By:Name | Query:Query  Added To the Collection
2019-03-13 13:05:54,471 [NonParallelWorker] INFO NUnitAutomationFramework.Framework.PageElement - Name:email | By:xpath | Query:Query  Added To the Collection
2019-03-13 13:05:54,511 [NonParallelWorker] INFO NUnitAutomationFramework.Framework.IO.FileAndFolder - Base Director: C:\Ben\NUnitAutomationFramework\NUnitAutomationFramework\bin\Debug\
2019-03-13 13:05:54,511 [NonParallelWorker] INFO NUnitAutomationFramework.Framework.IO.FileAndFolder - Base Director: C:\Ben\NUnitAutomationFramework\NUnitAutomationFramework\bin\Debug\
2019-03-13 13:05:54,511 [NonParallelWorker] INFO NUnitAutomationFramework.Framework.Configuration.ConfigurationReader - NUnitAutomationFramework.Framework.Configuration.ConfigurationReader Dir= C:\Ben\NUnitAutomationFramework\NUnitAutomationFramework\bin\Debug\
2019-03-13 13:05:54,511 [NonParallelWorker] INFO NUnitAutomationFramework.Framework.Configuration.ConfigurationReader - Reports folder full path selected: C:\Ben\NUnitAutomationFramework\NUnitAutomationFramework\bin\Debug\Reports\Reports
2019-03-13 13:05:54,511 [NonParallelWorker] INFO NUnitAutomationFramework.Framework.IO.FileAndFolder - Source File: C:\Ben\NUnitAutomationFramework\NUnitAutomationFramework\Reports\TestResult.xml
2019-03-13 13:05:54,511 [NonParallelWorker] INFO NUnitAutomationFramework.Framework.IO.FileAndFolder - Destination File: C:\Ben\NUnitAutomationFramework\NUnitAutomationFramework\bin\Debug\Reports\Reports\TestResult.xml
2019-03-13 13:05:54,521 [NonParallelWorker] INFO NUnitAutomationFramework.Framework.IO.FileAndFolder - File copied from source to destination
2019-03-13 13:06:54,509 [NonParallelWorker] INFO NUnitAutomationFramework.TestsSetupClass - ALLURE_CONFIG_ENV_VARIABLE Environment Variable Set to: C:\Ben\NUnitAutomationFramework\NUnitAutomationFramework\bin\Debug\
2019-03-13 13:06:54,848 [NonParallelWorker] INFO NUnitAutomationFramework.TestsSetupClass - {
  "allure": {
    "directory": "allure-results",
    "links": [
      "{link}",
      "https://testrail.com/browse/{tms}",
      "https://jira.com/browse/{issue}"
    ]
  },
  "specflow": {
    "stepArguments": {
      "convertToParameters": "true",
      "paramNameRegex": "",
      "paramValueRegex": ""
    },
    "grouping": {
      "suites": {
        "parentSuite": "^parentSuite:?(.+)",
        "suite": "^suite:?(.+)",
        "subSuite": "^subSuite:?(.+)"
      },
      "behaviors": {
        "epic": "^epic:?(.+)",
        "story": "^story:(.+)"
      }
    },
    "labels": {
      "owner": "^author:?(.+)",
      "severity": "^(normal|blocker|critical|minor|trivial)"
    },
    "links": {
      "tms": "^story:(.+)",
      "issue": "^issue:(.+)",
      "link": "^link:(.+)"
    }
  }
}
2019-03-13 13:06:54,848 [NonParallelWorker] INFO NUnitAutomationFramework.Framework.IO.FileAndFolder - Base Director: C:\Ben\NUnitAutomationFramework\NUnitAutomationFramework\bin\Debug\
2019-03-13 13:06:54,858 [NonParallelWorker] INFO NUnitAutomationFramework.Framework.Configuration.ConfigurationReader - NUnitAutomationFramework.Framework.Configuration.ConfigurationReader Dir= C:\Ben\NUnitAutomationFramework\NUnitAutomationFramework\bin\Debug\
2019-03-13 13:06:54,868 [NonParallelWorker] INFO NUnitAutomationFramework.Framework.Configuration.ConfigurationReader - Resources folder full path selected: C:\Ben\NUnitAutomationFramework\NUnitAutomationFramework\bin\Debug\Resources\Resources
2019-03-13 13:06:55,058 [NonParallelWorker] INFO NUnitAutomationFramework.Framework.Configuration.ConfigurationReader - Log folder full path selected: C:\Ben\NUnitAutomationFramework\NUnitAutomationFramework\bin\Debug\Reports\Logs
2019-03-13 13:06:55,078 [NonParallelWorker] INFO NUnitAutomationFramework.Framework.Configuration.ConfigurationReader - Reports folder full path selected: C:\Ben\NUnitAutomationFramework\NUnitAutomationFramework\bin\Debug\Reports\Reports
2019-03-13 13:06:55,158 [ParallelWorker#1] INFO NUnitAutomationFramework.Framework.IO.FileAndFolder - Base Director: C:\Ben\NUnitAutomationFramework\NUnitAutomationFramework\bin\Debug\
2019-03-13 13:06:55,158 [ParallelWorker#1] INFO NUnitAutomationFramework.Framework.Configuration.ConfigurationReader - NUnitAutomationFramework.Framework.Configuration.ConfigurationReader Dir= C:\Ben\NUnitAutomationFramework\NUnitAutomationFramework\bin\Debug\
2019-03-13 13:06:55,158 [ParallelWorker#1] INFO NUnitAutomationFramework.Framework.IO.FileAndFolder - Base Director: C:\Ben\NUnitAutomationFramework\NUnitAutomationFramework\bin\Debug\
2019-03-13 13:06:55,158 [ParallelWorker#1] INFO NUnitAutomationFramework.Framework.IO.FileAndFolder - Base Director: C:\Ben\NUnitAutomationFramework\NUnitAutomationFramework\bin\Debug\
2019-03-13 13:06:55,168 [ParallelWorker#1] INFO NUnitAutomationFramework.Framework.IO.FileAndFolder - Source File: C:\Ben\NUnitAutomationFramework\NUnitAutomationFramework\DevTests\Resources\DevLocators.xlsx
2019-03-13 13:06:55,168 [ParallelWorker#1] INFO NUnitAutomationFramework.Framework.IO.FileAndFolder - Destination File: C:\Ben\NUnitAutomationFramework\NUnitAutomationFramework\bin\Debug\Resources\Resources\HomePageLocator\DevLocators.xlsx
2019-03-13 13:06:55,188 [ParallelWorker#1] INFO NUnitAutomationFramework.Framework.IO.FileAndFolder - File copied from source to destination
2019-03-13 13:06:55,188 [ParallelWorker#1] INFO NUnitAutomationFramework.Framework.Spreadsheet.SpreadsheetUtility - Trying to load all abjedts from the file
2019-03-13 13:06:55,749 [ParallelWorker#1] INFO NUnitAutomationFramework.Framework.Spreadsheet.SpreadsheetUtility - Current Sheet: Locators
2019-03-13 13:06:55,819 [ParallelWorker#1] INFO NUnitAutomationFramework.Framework.IO.FileAndFolder - Base Director: C:\Ben\NUnitAutomationFramework\NUnitAutomationFramework\bin\Debug\
2019-03-13 13:06:55,819 [ParallelWorker#1] INFO NUnitAutomationFramework.Framework.Configuration.ConfigurationReader - NUnitAutomationFramework.Framework.Configuration.ConfigurationReader Dir= C:\Ben\NUnitAutomationFramework\NUnitAutomationFramework\bin\Debug\
2019-03-13 13:06:55,819 [ParallelWorker#1] INFO NUnitAutomationFramework.Framework.IO.FileAndFolder - Base Director: C:\Ben\NUnitAutomationFramework\NUnitAutomationFramework\bin\Debug\
2019-03-13 13:06:55,819 [ParallelWorker#1] INFO NUnitAutomationFramework.Framework.IO.FileAndFolder - Base Director: C:\Ben\NUnitAutomationFramework\NUnitAutomationFramework\bin\Debug\
2019-03-13 13:06:55,819 [ParallelWorker#1] INFO NUnitAutomationFramework.Framework.IO.FileAndFolder - Source File: C:\Ben\NUnitAutomationFramework\NUnitAutomationFramework\DevTests\Resources\DevLocators.xlsx
2019-03-13 13:06:55,819 [ParallelWorker#1] INFO NUnitAutomationFramework.Framework.IO.FileAndFolder - Destination File: C:\Ben\NUnitAutomationFramework\NUnitAutomationFramework\bin\Debug\Resources\Resources\HomePageLocator\DevLocators.xlsx
2019-03-13 13:06:55,829 [ParallelWorker#1] INFO NUnitAutomationFramework.Framework.IO.FileAndFolder - File copied from source to destination
2019-03-13 13:06:55,829 [ParallelWorker#1] INFO NUnitAutomationFramework.Framework.Spreadsheet.SpreadsheetUtility - Trying to load all abjedts from the file
2019-03-13 13:06:55,839 [ParallelWorker#1] INFO NUnitAutomationFramework.Framework.Spreadsheet.SpreadsheetUtility - Current Sheet: Locators
2019-03-13 13:06:55,849 [ParallelWorker#1] INFO NUnitAutomationFramework.Framework.Spreadsheet.SpreadsheetUtility - Geting the data in the row 2
2019-03-13 13:06:55,849 [ParallelWorker#1] INFO NUnitAutomationFramework.Framework.Spreadsheet.SpreadsheetUtility - Row Added to the collection: submit
2019-03-13 13:06:55,849 [ParallelWorker#1] INFO NUnitAutomationFramework.Framework.Spreadsheet.SpreadsheetUtility - Row Added to the collection: Name
2019-03-13 13:06:55,849 [ParallelWorker#1] INFO NUnitAutomationFramework.Framework.Spreadsheet.SpreadsheetUtility - Row Added to the collection: submit
2019-03-13 13:06:55,899 [ParallelWorker#2] INFO NUnitAutomationFramework.Framework.ReflectionHandler.ObjectManipulator - Adding The property of CustomerName with value of BehrangBina to expando object of System.Dynamic.ExpandoObject
2019-03-13 13:06:55,909 [ParallelWorker#2] INFO NUnitAutomationFramework.Framework.ReflectionHandler.ObjectManipulator - Adding The property of CustomerEmail with value of BehrangBina@Hotmail.com to expando object of System.Dynamic.ExpandoObject
2019-03-13 13:06:55,909 [ParallelWorker#2] INFO NUnitAutomationFramework.Framework.ReflectionHandler.ObjectManipulator - Adding The property of CustomerAge with value of 39 to expando object of System.Dynamic.ExpandoObject
2019-03-13 13:06:55,929 [ParallelWorker#2] INFO NUnitAutomationFramework.Framework.ReflectionHandler.ObjectManipulator - Trying to get property Name[1] from object System.Dynamic.ExpandoObject=> CustomerName
2019-03-13 13:06:55,929 [ParallelWorker#2] INFO NUnitAutomationFramework.Framework.ReflectionHandler.ObjectManipulator - Trying to get property Value[1] from object System.Dynamic.ExpandoObject=> BehrangBina
2019-03-13 13:06:55,959 [ParallelWorker#2] INFO NUnitAutomationFramework.Framework.ReflectionHandler.ObjectManipulator - Trying to get property Name[2] from object System.Dynamic.ExpandoObject=> CustomerEmail
2019-03-13 13:06:55,959 [ParallelWorker#2] INFO NUnitAutomationFramework.Framework.ReflectionHandler.ObjectManipulator - Trying to get property Value[2] from object System.Dynamic.ExpandoObject=> BehrangBina@Hotmail.com
2019-03-13 13:06:55,969 [ParallelWorker#2] INFO NUnitAutomationFramework.Framework.ReflectionHandler.ObjectManipulator - Trying to get property Name[3] from object System.Dynamic.ExpandoObject=> CustomerAge
2019-03-13 13:06:55,969 [ParallelWorker#2] INFO NUnitAutomationFramework.Framework.ReflectionHandler.ObjectManipulator - Trying to get property Value[3] from object System.Dynamic.ExpandoObject=> 39
2019-03-13 13:06:55,999 [NonParallelWorker] INFO NUnitAutomationFramework.Framework.IO.FileAndFolder - Base Director: C:\Ben\NUnitAutomationFramework\NUnitAutomationFramework\bin\Debug\
2019-03-13 13:06:56,019 [NonParallelWorker] INFO NUnitAutomationFramework.Framework.IO.FileAndFolder - Source File: C:\Ben\NUnitAutomationFramework\NUnitAutomationFramework\bin\Debug\Test.txt
2019-03-13 13:06:56,019 [NonParallelWorker] INFO NUnitAutomationFramework.Framework.IO.FileAndFolder - Destination File: C:\Ben\NUnitAutomationFramework\NUnitAutomationFramework\bin\Debug\Reports\Test.txt
2019-03-13 13:06:56,020 [NonParallelWorker] INFO NUnitAutomationFramework.Framework.IO.FileAndFolder - File copied from source to destination
2019-03-13 13:06:56,080 [NonParallelWorker] INFO NUnitAutomationFramework.Framework.IO.FileAndFolder - Base Director: C:\Ben\NUnitAutomationFramework\NUnitAutomationFramework\bin\Debug\
2019-03-13 13:06:56,080 [NonParallelWorker] INFO NUnitAutomationFramework.Framework.IO.FileAndFolder - Base Director: C:\Ben\NUnitAutomationFramework\NUnitAutomationFramework\bin\Debug\
2019-03-13 13:06:56,080 [NonParallelWorker] INFO NUnitAutomationFramework.Framework.IO.FileAndFolder - Source File: C:\Ben\NUnitAutomationFramework\NUnitAutomationFramework\DevTests\Resources\DevLocators.xlsx
2019-03-13 13:06:56,080 [NonParallelWorker] INFO NUnitAutomationFramework.Framework.IO.FileAndFolder - Destination File: C:\Ben\NUnitAutomationFramework\NUnitAutomationFramework\bin\Debug\Resources\Resources\PageObject\DevLocators.xlsx
2019-03-13 13:06:56,090 [NonParallelWorker] INFO NUnitAutomationFramework.Framework.IO.FileAndFolder - File copied from source to destination
2019-03-13 13:06:56,090 [NonParallelWorker] INFO NUnitAutomationFramework.Framework.IO.FileAndFolder - Base Director: C:\Ben\NUnitAutomationFramework\NUnitAutomationFramework\bin\Debug\
2019-03-13 13:06:56,090 [NonParallelWorker] INFO NUnitAutomationFramework.Framework.PageElement - Execution directory is: C:\Ben\NUnitAutomationFramework\NUnitAutomationFramework\bin\Debug\
2019-03-13 13:06:56,090 [NonParallelWorker] INFO NUnitAutomationFramework.Framework.PageElement - New Path: C:\Ben\NUnitAutomationFramework\NUnitAutomationFramework\bin\Debug\Resources
2019-03-13 13:06:56,090 [NonParallelWorker] INFO NUnitAutomationFramework.Framework.PageElement - New Path: C:\Ben\NUnitAutomationFramework\NUnitAutomationFramework\bin\Debug\Resources\Resources
2019-03-13 13:06:56,090 [NonParallelWorker] INFO NUnitAutomationFramework.Framework.PageElement - New Path: C:\Ben\NUnitAutomationFramework\NUnitAutomationFramework\bin\Debug\Resources\Resources\PageObject
2019-03-13 13:06:56,090 [NonParallelWorker] INFO NUnitAutomationFramework.Framework.IO.FileAndFolder - Base Director: C:\Ben\NUnitAutomationFramework\NUnitAutomationFramework\bin\Debug\
2019-03-13 13:06:56,090 [NonParallelWorker] INFO NUnitAutomationFramework.Framework.Configuration.ConfigurationReader - NUnitAutomationFramework.Framework.Configuration.ConfigurationReader Dir= C:\Ben\NUnitAutomationFramework\NUnitAutomationFramework\bin\Debug\
2019-03-13 13:06:56,090 [NonParallelWorker] INFO NUnitAutomationFramework.Framework.Spreadsheet.SpreadsheetUtility - Trying to load all abjedts from the file
2019-03-13 13:06:56,100 [NonParallelWorker] INFO NUnitAutomationFramework.Framework.Spreadsheet.SpreadsheetUtility - Current Sheet: Locators
2019-03-13 13:06:56,110 [NonParallelWorker] INFO NUnitAutomationFramework.Framework.PageElement - Name:firstName | By:Id | Query:Query  Added To the Collection
2019-03-13 13:06:56,110 [NonParallelWorker] INFO NUnitAutomationFramework.Framework.PageElement - Name:submit | By:Name | Query:Query  Added To the Collection
2019-03-13 13:06:56,110 [NonParallelWorker] INFO NUnitAutomationFramework.Framework.PageElement - Name:email | By:xpath | Query:Query  Added To the Collection
2019-03-13 13:06:56,140 [NonParallelWorker] INFO NUnitAutomationFramework.Framework.IO.FileAndFolder - Base Director: C:\Ben\NUnitAutomationFramework\NUnitAutomationFramework\bin\Debug\
2019-03-13 13:06:56,140 [NonParallelWorker] INFO NUnitAutomationFramework.Framework.IO.FileAndFolder - Base Director: C:\Ben\NUnitAutomationFramework\NUnitAutomationFramework\bin\Debug\
2019-03-13 13:06:56,140 [NonParallelWorker] INFO NUnitAutomationFramework.Framework.Configuration.ConfigurationReader - NUnitAutomationFramework.Framework.Configuration.ConfigurationReader Dir= C:\Ben\NUnitAutomationFramework\NUnitAutomationFramework\bin\Debug\
2019-03-13 13:06:56,140 [NonParallelWorker] INFO NUnitAutomationFramework.Framework.Configuration.ConfigurationReader - Reports folder full path selected: C:\Ben\NUnitAutomationFramework\NUnitAutomationFramework\bin\Debug\Reports\Reports
2019-03-13 13:06:56,140 [NonParallelWorker] INFO NUnitAutomationFramework.Framework.IO.FileAndFolder - Source File: C:\Ben\NUnitAutomationFramework\NUnitAutomationFramework\Reports\TestResult.xml
2019-03-13 13:06:56,140 [NonParallelWorker] INFO NUnitAutomationFramework.Framework.IO.FileAndFolder - Destination File: C:\Ben\NUnitAutomationFramework\NUnitAutomationFramework\bin\Debug\Reports\Reports\TestResult.xml
2019-03-13 13:06:56,150 [NonParallelWorker] INFO NUnitAutomationFramework.Framework.IO.FileAndFolder - File copied from source to destination
